The system is: Windows - 10.0.18363 - AMD64
Compiling the C compiler identification source file "CMakeCCompilerId.c" succeeded.
Compiler:  
Build flags: 
Id flags:  

The output was:
0
.NET Framework용 Microsoft (R) Build Engine 버전 15.9.21+g9802d43bc3
Copyright (C) Microsoft Corporation. All rights reserved.

빌드 시작: 2020-11-23 오전 2:02:35
1 노드의 "C:\Users\jkl\Desktop\ttest\build\CMakeFiles\3.19.0\CompilerIdC\CompilerIdC.vcxproj" 프로젝트(기본 대상)입니다.
PrepareForBuild:
  "Debug\" 디렉터리를 만들고 있습니다.
  "Debug\CompilerIdC.tlog\" 디렉터리를 만들고 있습니다.
InitializeBuildStatus:
  "AlwaysCreate"이(가) 지정되었기 때문에 "Debug\CompilerIdC.tlog\unsuccessfulbuild"을(를) 만들고 있습니다.
ClCompile:
  C:\Program Files (x86)\Microsoft Visual Studio\2017\Community\VC\Tools\MSVC\14.16.27023\bin\HostX86\x86\CL.exe /c /nologo /W0 /WX- /diagnostics:classic /Od /Oy- /D _MBCS /Gm- /EHsc /RTC1 /MDd /GS /fp:precise /Zc:wchar_t /Zc:forScope /Zc:inline /Fo"Debug\\" /Fd"Debug\vc141.pdb" /Gd /TC /analyze- /FC /errorReport:queue CMakeCCompilerId.c
  CMakeCCompilerId.c
Link:
  C:\Program Files (x86)\Microsoft Visual Studio\2017\Community\VC\Tools\MSVC\14.16.27023\bin\HostX86\x86\link.exe /ERRORREPORT:QUEUE /OUT:".\CompilerIdC.exe" /INCREMENTAL:NO /NOLOGO kernel32.lib user32.lib gdi32.lib winspool.lib comdlg32.lib advapi32.lib shell32.lib ole32.lib oleaut32.lib uuid.lib odbc32.lib odbccp32.lib /MANIFEST /MANIFESTUAC:"level='asInvoker' uiAccess='false'" /manifest:embed /PDB:".\CompilerIdC.pdb" /SUBSYSTEM:CONSOLE /TLBID:1 /DYNAMICBASE /NXCOMPAT /IMPLIB:".\CompilerIdC.lib" /MACHINE:X86 /SAFESEH Debug\CMakeCCompilerId.obj
  CompilerIdC.vcxproj -> C:\Users\jkl\Desktop\ttest\build\CMakeFiles\3.19.0\CompilerIdC\.\CompilerIdC.exe
PostBuildEvent:
  for %%i in (cl.exe) do @echo CMAKE_C_COMPILER=%%~$PATH:i
  :VCEnd
  CMAKE_C_COMPILER=C:\Program Files (x86)\Microsoft Visual Studio\2017\Community\VC\Tools\MSVC\14.16.27023\bin\Hostx86\x86\cl.exe
FinalizeBuildStatus:
  "Debug\CompilerIdC.tlog\unsuccessfulbuild" 파일을 삭제하고 있습니다.
  "Debug\CompilerIdC.tlog\CompilerIdC.lastbuildstate"에 연결(touching)하고 있습니다.
"C:\Users\jkl\Desktop\ttest\build\CMakeFiles\3.19.0\CompilerIdC\CompilerIdC.vcxproj" 프로젝트를 빌드했습니다(기본 대상).

빌드했습니다.
    경고 0개
    오류 0개

경과 시간: 00:00:00.94


Compilation of the C compiler identification source "CMakeCCompilerId.c" produced "CompilerIdC.exe"

Compilation of the C compiler identification source "CMakeCCompilerId.c" produced "CompilerIdC.vcxproj"

The C compiler identification is MSVC, found in "C:/Users/jkl/Desktop/ttest/build/CMakeFiles/3.19.0/CompilerIdC/CompilerIdC.exe"

Compiling the CXX compiler identification source file "CMakeCXXCompilerId.cpp" succeeded.
Compiler:  
Build flags: 
Id flags:  

The output was:
0
.NET Framework용 Microsoft (R) Build Engine 버전 15.9.21+g9802d43bc3
Copyright (C) Microsoft Corporation. All rights reserved.

빌드 시작: 2020-11-23 오전 2:02:36
1 노드의 "C:\Users\jkl\Desktop\ttest\build\CMakeFiles\3.19.0\CompilerIdCXX\CompilerIdCXX.vcxproj" 프로젝트(기본 대상)입니다.
PrepareForBuild:
  "Debug\" 디렉터리를 만들고 있습니다.
  "Debug\CompilerIdCXX.tlog\" 디렉터리를 만들고 있습니다.
InitializeBuildStatus:
  "AlwaysCreate"이(가) 지정되었기 때문에 "Debug\CompilerIdCXX.tlog\unsuccessfulbuild"을(를) 만들고 있습니다.
ClCompile:
  C:\Program Files (x86)\Microsoft Visual Studio\2017\Community\VC\Tools\MSVC\14.16.27023\bin\HostX86\x86\CL.exe /c /nologo /W0 /WX- /diagnostics:classic /Od /Oy- /D _MBCS /Gm- /EHsc /RTC1 /MDd /GS /fp:precise /Zc:wchar_t /Zc:forScope /Zc:inline /Fo"Debug\\" /Fd"Debug\vc141.pdb" /Gd /TP /analyze- /FC /errorReport:queue CMakeCXXCompilerId.cpp
  CMakeCXXCompilerId.cpp
Link:
  C:\Program Files (x86)\Microsoft Visual Studio\2017\Community\VC\Tools\MSVC\14.16.27023\bin\HostX86\x86\link.exe /ERRORREPORT:QUEUE /OUT:".\CompilerIdCXX.exe" /INCREMENTAL:NO /NOLOGO kernel32.lib user32.lib gdi32.lib winspool.lib comdlg32.lib advapi32.lib shell32.lib ole32.lib oleaut32.lib uuid.lib odbc32.lib odbccp32.lib /MANIFEST /MANIFESTUAC:"level='asInvoker' uiAccess='false'" /manifest:embed /PDB:".\CompilerIdCXX.pdb" /SUBSYSTEM:CONSOLE /TLBID:1 /DYNAMICBASE /NXCOMPAT /IMPLIB:".\CompilerIdCXX.lib" /MACHINE:X86 /SAFESEH Debug\CMakeCXXCompilerId.obj
  CompilerIdCXX.vcxproj -> C:\Users\jkl\Desktop\ttest\build\CMakeFiles\3.19.0\CompilerIdCXX\.\CompilerIdCXX.exe
PostBuildEvent:
  for %%i in (cl.exe) do @echo CMAKE_CXX_COMPILER=%%~$PATH:i
  :VCEnd
  CMAKE_CXX_COMPILER=C:\Program Files (x86)\Microsoft Visual Studio\2017\Community\VC\Tools\MSVC\14.16.27023\bin\Hostx86\x86\cl.exe
FinalizeBuildStatus:
  "Debug\CompilerIdCXX.tlog\unsuccessfulbuild" 파일을 삭제하고 있습니다.
  "Debug\CompilerIdCXX.tlog\CompilerIdCXX.lastbuildstate"에 연결(touching)하고 있습니다.
"C:\Users\jkl\Desktop\ttest\build\CMakeFiles\3.19.0\CompilerIdCXX\CompilerIdCXX.vcxproj" 프로젝트를 빌드했습니다(기본 대상).

빌드했습니다.
    경고 0개
    오류 0개

경과 시간: 00:00:00.83


Compilation of the CXX compiler identification source "CMakeCXXCompilerId.cpp" produced "CompilerIdCXX.exe"

Compilation of the CXX compiler identification source "CMakeCXXCompilerId.cpp" produced "CompilerIdCXX.vcxproj"

The CXX compiler identification is MSVC, found in "C:/Users/jkl/Desktop/ttest/build/CMakeFiles/3.19.0/CompilerIdCXX/CompilerIdCXX.exe"

Detecting C compiler ABI info compiled with the following output:
Change Dir: C:/Users/jkl/Desktop/ttest/build/CMakeFiles/CMakeTmp

Run Build Command(s):C:/Program Files (x86)/Microsoft Visual Studio/2017/Community/MSBuild/15.0/Bin/MSBuild.exe cmTC_b846f.vcxproj /p:Configuration=Debug /p:Platform=Win32 /p:VisualStudioVersion=15.0 /v:m && .NET Framework용 Microsoft (R) Build Engine 버전 15.9.21+g9802d43bc3
Copyright (C) Microsoft Corporation. All rights reserved.

  x86용 Microsoft (R) C/C++ 최적화 컴파일러 버전 19.16.27044
  Copyright (c) Microsoft Corporation. All rights reserved.
  
  CMakeCCompilerABI.c
  cl /c /Zi /W1 /WX- /diagnostics:classic /Od /Ob0 /Oy- /D WIN32 /D _WINDOWS /D "CMAKE_INTDIR=\"Debug\"" /D _MBCS /Gm- /RTC1 /MDd /GS /fp:precise /Zc:wchar_t /Zc:forScope /Zc:inline /Fo"cmTC_b846f.dir\Debug\\" /Fd"cmTC_b846f.dir\Debug\vc141.pdb" /Gd /TC /analyze- /errorReport:queue "C:\Program Files\CMake\share\cmake-3.19\Modules\CMakeCCompilerABI.c"
  
  cmTC_b846f.vcxproj -> C:\Users\jkl\Desktop\ttest\build\CMakeFiles\CMakeTmp\Debug\cmTC_b846f.exe



Detecting CXX compiler ABI info compiled with the following output:
Change Dir: C:/Users/jkl/Desktop/ttest/build/CMakeFiles/CMakeTmp

Run Build Command(s):C:/Program Files (x86)/Microsoft Visual Studio/2017/Community/MSBuild/15.0/Bin/MSBuild.exe cmTC_954c5.vcxproj /p:Configuration=Debug /p:Platform=Win32 /p:VisualStudioVersion=15.0 /v:m && .NET Framework용 Microsoft (R) Build Engine 버전 15.9.21+g9802d43bc3
Copyright (C) Microsoft Corporation. All rights reserved.

  x86용 Microsoft (R) C/C++ 최적화 컴파일러 버전 19.16.27044
  Copyright (c) Microsoft Corporation. All rights reserved.
  
  CMakeCXXCompilerABI.cpp
  cl /c /Zi /W1 /WX- /diagnostics:classic /Od /Ob0 /Oy- /D WIN32 /D _WINDOWS /D "CMAKE_INTDIR=\"Debug\"" /D _MBCS /Gm- /EHsc /RTC1 /MDd /GS /fp:precise /Zc:wchar_t /Zc:forScope /Zc:inline /GR /Fo"cmTC_954c5.dir\Debug\\" /Fd"cmTC_954c5.dir\Debug\vc141.pdb" /Gd /TP /analyze- /errorReport:queue "C:\Program Files\CMake\share\cmake-3.19\Modules\CMakeCXXCompilerABI.cpp"
  
  cmTC_954c5.vcxproj -> C:\Users\jkl\Desktop\ttest\build\CMakeFiles\CMakeTmp\Debug\cmTC_954c5.exe



